<?xml version="1.0" encoding="UTF-8"?>
<testsuite xmlns:xsi="http://www.w3.org/2001/XMLSchema-instance" xsi:noNamespaceSchemaLocation="https://maven.apache.org/surefire/maven-surefire-plugin/xsd/surefire-test-report-3.0.xsd" version="3.0" name="com.examly.springapp.SpringappCookieTests" time="0.122" tests="17" errors="0" skipped="0" failures="0">
  <properties>
[...]
</properties>
  <testcase name="AddCookieReturns200" classname="com.examly.springapp.SpringappCookieTests" time="0.006">
    <system-out><![CDATA[Hibernate: insert into cookie (cookie_name,flavor,price,quantity_available,id) values (?,?,?,?,default)
]]></system-out>
  </testcase>
  <testcase name="GetAllCookiesReturnsArray" classname="com.examly.springapp.SpringappCookieTests" time="0.009">
    <system-out><![CDATA[Hibernate: select c1_0.id,c1_0.cookie_name,c1_0.flavor,c1_0.price,c1_0.quantity_available from cookie c1_0

MockHttpServletRequest:
      HTTP Method = GET
      Request URI = /api/cookies/allCookies
       Parameters = {}
          Headers = [Accept:"application/json"]
             Body = null
    Session Attrs = {}

Handler:
             Type = com.examly.springapp.controller.CookieController
           Method = com.examly.springapp.controller.CookieController#getAllCookies()

Async:
    Async started = false
     Async result = null

Resolved Exception:
             Type = null

ModelAndView:
        View name = null
             View = null
            Model = null

FlashMap:
       Attributes = null

MockHttpServletResponse:
           Status = 200
    Error message = null
          Headers = [Vary:"Origin", "Access-Control-Request-Method", "Access-Control-Request-Headers", Content-Type:"application/json", X-Content-Type-Options:"nosniff", X-XSS-Protection:"0", Cache-Control:"no-cache, no-store, max-age=0, must-revalidate", Pragma:"no-cache", Expires:"0", X-Frame-Options:"DENY"]
     Content type = application/json
             Body = [{"id":1,"cookieName":"Chocolate Chip","flavor":"Chocolate","price":25,"quantityAvailable":100},{"id":2,"cookieName":"Oatmeal Raisin","flavor":"Oatmeal","price":20,"quantityAvailable":80},{"id":3,"cookieName":"Sugar Cookie","flavor":"Vanilla","price":15,"quantityAvailable":120},{"id":4,"cookieName":"Peanut Butter","flavor":"Peanut","price":30,"quantityAvailable":60},{"id":5,"cookieName":"Double Chocolate","flavor":"Chocolate","price":35,"quantityAvailable":40},{"id":6,"cookieName":"Double Chocolate","flavor":"Chocolate","price":60,"quantityAvailable":50},{"id":7,"cookieName":"Vanilla Supreme","flavor":"Vanilla","price":55,"quantityAvailable":30},{"id":8,"cookieName":"Strawberry Bliss","flavor":"Strawberry","price":65,"quantityAvailable":25},{"id":9,"cookieName":"","flavor":"","price":-10,"quantityAvailable":-5},{"id":10,"cookieName":"Incomplete Cookie","flavor":null,"price":0,"quantityAvailable":0},{"id":11,"cookieName":"Café Mocha & Cream!","flavor":"Coffee","price":75,"quantityAvailable":20},{"id":12,"cookieName":"Premium Gold Cookie","flavor":"Gold","price":999999,"quantityAvailable":999999},{"id":13,"cookieName":"Budget Cookie","flavor":"Plain","price":1,"quantityAvailable":1},{"id":14,"cookieName":"AAAAAAAAAAAAAAAAAAAAAAAAAAAAAAAAAAAAAAAAAAAAAAAAAAAAAAAAAAAAAAAAAAAAAAAAAAAAAAAAAAAAAAAAAAAAAAAAAAAAAAAAAAAAAAAAAAAAAAAAAAAAAAAAAAAAAAAAAAAAAAAAAAAAAAAAAAAAAAAAAAAAAAAAAAAAAAAAAAAAAAAAAAAAAAAAAAAAAAAAAAAAAAAAAAAAAAAAAAAAAAAAAAAAAAAAAAAAAAAAAAAAAAAAAAAAAAA","flavor":"Long","price":50,"quantityAvailable":10},{"id":15,"cookieName":"Test Cookie No JWT","flavor":"Test","price":50,"quantityAvailable":10},{"id":16,"cookieName":"Batch Cookie 0","flavor":"Batch","price":50,"quantityAvailable":10},{"id":17,"cookieName":"Batch Cookie 1","flavor":"Batch","price":51,"quantityAvailable":11},{"id":18,"cookieName":"Batch Cookie 2","flavor":"Batch","price":52,"quantityAvailable":12},{"id":19,"cookieName":"Batch Cookie 3","flavor":"Batch","price":53,"quantityAvailable":13},{"id":20,"cookieName":"Batch Cookie 4","flavor":"Batch","price":54,"quantityAvailable":14},{"id":21,"cookieName":"Batch Cookie 5","flavor":"Batch","price":55,"quantityAvailable":15},{"id":22,"cookieName":"Batch Cookie 6","flavor":"Batch","price":56,"quantityAvailable":16},{"id":23,"cookieName":"Batch Cookie 7","flavor":"Batch","price":57,"quantityAvailable":17},{"id":24,"cookieName":"Batch Cookie 8","flavor":"Batch","price":58,"quantityAvailable":18},{"id":25,"cookieName":"Batch Cookie 9","flavor":"Batch","price":59,"quantityAvailable":19},{"id":26,"cookieName":"Persistence Test Cookie","flavor":"Test","price":42,"quantityAvailable":13},{"id":27,"cookieName":"Choco Chip","flavor":"Chocolate","price":50,"quantityAvailable":100}]
    Forwarded URL = null
   Redirected URL = null
          Cookies = []
]]></system-out>
  </testcase>
  <testcase name="GetCookiesByFlavorReturns200" classname="com.examly.springapp.SpringappCookieTests" time="0.009">
    <system-out><![CDATA[Hibernate: select c1_0.id,c1_0.cookie_name,c1_0.flavor,c1_0.price,c1_0.quantity_available from cookie c1_0 where c1_0.flavor=?
]]></system-out>
  </testcase>
  <testcase name="GetCookiesSortedByPriceReturns200" classname="com.examly.springapp.SpringappCookieTests" time="0.055">
    <system-out><![CDATA[Hibernate: select c1_0.id,c1_0.cookie_name,c1_0.flavor,c1_0.price,c1_0.quantity_available from cookie c1_0 order by c1_0.price
]]></system-out>
  </testcase>
  <testcase name="CookieRepoExtendsJpaRepository" classname="com.examly.springapp.SpringappCookieTests" time="0.002"/>
  <testcase name="CookieModelHasCookieNameField" classname="com.examly.springapp.SpringappCookieTests" time="0.002"/>
  <testcase name="ModelDirectoryExists" classname="com.examly.springapp.SpringappCookieTests" time="0.002"/>
  <testcase name="ControllerDirectoryExists" classname="com.examly.springapp.SpringappCookieTests" time="0.002"/>
  <testcase name="CookieModelHasPriceField" classname="com.examly.springapp.SpringappCookieTests" time="0.002"/>
  <testcase name="CookieModelFileExists" classname="com.examly.springapp.SpringappCookieTests" time="0.002"/>
  <testcase name="CookieModelClassExists" classname="com.examly.springapp.SpringappCookieTests" time="0.002"/>
  <testcase name="CookieModelHasFlavorField" classname="com.examly.springapp.SpringappCookieTests" time="0.002"/>
  <testcase name="RepositoryDirectoryExists" classname="com.examly.springapp.SpringappCookieTests" time="0.002"/>
  <testcase name="CookieServiceClassExists" classname="com.examly.springapp.SpringappCookieTests" time="0.002"/>
  <testcase name="CookieModelHasQuantityAvailableField" classname="com.examly.springapp.SpringappCookieTests" time="0.002"/>
  <testcase name="ServiceDirectoryExists" classname="com.examly.springapp.SpringappCookieTests" time="0.002"/>
  <testcase name="CookieControllerFileExists" classname="com.examly.springapp.SpringappCookieTests" time="0.002"/>
</testsuite>