<?xml version="1.0" encoding="UTF-8"?>
<testsuite xmlns:xsi="http://www.w3.org/2001/XMLSchema-instance" xsi:noNamespaceSchemaLocation="https://maven.apache.org/surefire/maven-surefire-plugin/xsd/surefire-test-report-3.0.xsd" version="3.0" name="com.examly.springapp.EnhancedCookieTests" time="4.616" tests="16" errors="0" skipped="0" failures="0">
  <properties>
[...]
</properties>
  <testcase name="addMultipleCookiesSuccessfully" classname="com.examly.springapp.EnhancedCookieTests" time="0.476">
    <system-out><![CDATA[
  .   ____          _            __ _ _
 /\\ / ___'_ __ _ _(_)_ __  __ _ \ \ \ \
( ( )\___ | '_ | '_| | '_ \/ _` | \ \ \ \
 \\/  ___)| |_)| | | | | || (_| |  ) ) ) )
  '  |____| .__|_| |_|_| |_\__, | / / / /
 =========|_|==============|___/=/_/_/_/
 :: Spring Boot ::                (v3.2.2)

2025-10-06T10:35:25.225Z  INFO 15557 --- [           main] c.examly.springapp.EnhancedCookieTests   : Starting EnhancedCookieTests using Java 17.0.15 with PID 15557 (started by coder in /home/coder/project/workspace/springapp)
2025-10-06T10:35:25.228Z  INFO 15557 --- [           main] c.examly.springapp.EnhancedCookieTests   : The following 1 profile is active: "test"
2025-10-06T10:35:25.870Z  INFO 15557 --- [           main] .s.d.r.c.RepositoryConfigurationDelegate : Bootstrapping Spring Data JPA repositories in DEFAULT mode.
2025-10-06T10:35:25.916Z  INFO 15557 --- [           main] .s.d.r.c.RepositoryConfigurationDelegate : Finished Spring Data repository scanning in 40 ms. Found 3 JPA repository interfaces.
2025-10-06T10:35:26.283Z  INFO 15557 --- [           main] o.hibernate.jpa.internal.util.LogHelper  : HHH000204: Processing PersistenceUnitInfo [name: default]
2025-10-06T10:35:26.318Z  INFO 15557 --- [           main] org.hibernate.Version                    : HHH000412: Hibernate ORM core version 6.4.1.Final
2025-10-06T10:35:26.341Z  INFO 15557 --- [           main] o.h.c.internal.RegionFactoryInitiator    : HHH000026: Second-level cache disabled
2025-10-06T10:35:26.497Z  INFO 15557 --- [           main] o.s.o.j.p.SpringPersistenceUnitInfo      : No LoadTimeWeaver setup: ignoring JPA class transformer
2025-10-06T10:35:26.518Z  INFO 15557 --- [           main] com.zaxxer.hikari.HikariDataSource       : HikariPool-1 - Starting...
2025-10-06T10:35:26.651Z  INFO 15557 --- [           main] com.zaxxer.hikari.pool.HikariPool        : HikariPool-1 - Added connection conn0: url=jdbc:h2:mem:testdb user=SA
2025-10-06T10:35:26.652Z  INFO 15557 --- [           main] com.zaxxer.hikari.HikariDataSource       : HikariPool-1 - Start completed.
2025-10-06T10:35:26.670Z  WARN 15557 --- [           main] org.hibernate.orm.deprecation            : HHH90000025: H2Dialect does not need to be specified explicitly using 'hibernate.dialect' (remove the property setting and it will be selected by default)
2025-10-06T10:35:27.211Z  INFO 15557 --- [           main] o.h.e.t.j.p.i.JtaPlatformInitiator       : HHH000489: No JTA platform available (set 'hibernate.transaction.jta.platform' to enable JTA platform integration)
Hibernate: drop table if exists cookie cascade 
Hibernate: drop table if exists orders cascade 
Hibernate: drop table if exists users cascade 
Hibernate: create table cookie (price integer not null, quantity_available integer not null, id bigint generated by default as identity, cookie_name varchar(255), flavor varchar(255), primary key (id))
Hibernate: create table orders (quantity integer not null, total_price integer not null, id bigint generated by default as identity, order_date timestamp(6), cookie_name varchar(255), customer_name varchar(255), status varchar(255), primary key (id))
Hibernate: create table users (id bigint generated by default as identity, password varchar(255) not null, role varchar(255) check (role in ('ADMIN','USER','BAKER','MANAGER')), username varchar(255) not null unique, primary key (id))
2025-10-06T10:35:27.242Z  INFO 15557 --- [           main] j.LocalContainerEntityManagerFactoryBean : Initialized JPA EntityManagerFactory for persistence unit 'default'
2025-10-06T10:35:27.594Z  WARN 15557 --- [           main] JpaBaseConfiguration$JpaWebConfiguration : spring.jpa.open-in-view is enabled by default. Therefore, database queries may be performed during view rendering. Explicitly configure spring.jpa.open-in-view to disable this warning
2025-10-06T10:35:27.826Z  INFO 15557 --- [           main] o.s.s.web.DefaultSecurityFilterChain     : Will secure any request with [org.springframework.security.web.session.DisableEncodeUrlFilter@7e864fa4, org.springframework.security.web.context.request.async.WebAsyncManagerIntegrationFilter@452d6fd, org.springframework.security.web.context.SecurityContextHolderFilter@755a4ef5, org.springframework.security.web.header.HeaderWriterFilter@18711946, org.springframework.web.filter.CorsFilter@38dc1c50, org.springframework.security.web.authentication.logout.LogoutFilter@1eb207c3, org.springframework.security.web.savedrequest.RequestCacheAwareFilter@1002c49e, org.springframework.security.web.servletapi.SecurityContextHolderAwareRequestFilter@62eb918, org.springframework.security.web.authentication.AnonymousAuthenticationFilter@ccea4be, org.springframework.security.web.session.SessionManagementFilter@3ce4eb42, org.springframework.security.web.access.ExceptionTranslationFilter@54fbaa65, org.springframework.security.web.access.intercept.AuthorizationFilter@1c3400df]
2025-10-06T10:35:28.023Z  INFO 15557 --- [           main] o.s.b.a.h2.H2ConsoleAutoConfiguration    : H2 console available at '/h2-console'. Database available at 'jdbc:h2:mem:testdb'
2025-10-06T10:35:28.075Z  INFO 15557 --- [           main] o.s.b.t.m.w.SpringBootMockServletContext : Initializing Spring TestDispatcherServlet ''
2025-10-06T10:35:28.075Z  INFO 15557 --- [           main] o.s.t.web.servlet.TestDispatcherServlet  : Initializing Servlet ''
2025-10-06T10:35:28.076Z  INFO 15557 --- [           main] o.s.t.web.servlet.TestDispatcherServlet  : Completed initialization in 1 ms
2025-10-06T10:35:28.094Z  INFO 15557 --- [           main] c.examly.springapp.EnhancedCookieTests   : Started EnhancedCookieTests in 3.047 seconds (process running for 3.675)
Hibernate: select u1_0.id,u1_0.password,u1_0.role,u1_0.username from users u1_0
Hibernate: insert into users (password,role,username,id) values (?,?,?,default)
Admin user created: admin/admin123
Hibernate: insert into users (password,role,username,id) values (?,?,?,default)
User created: user/user123
Hibernate: insert into users (password,role,username,id) values (?,?,?,default)
Baker created: baker/baker123
Hibernate: insert into users (password,role,username,id) values (?,?,?,default)
Manager created: manager/manager123
Hibernate: select count(*) from cookie c1_0
Hibernate: insert into cookie (cookie_name,flavor,price,quantity_available,id) values (?,?,?,?,default)
Hibernate: insert into cookie (cookie_name,flavor,price,quantity_available,id) values (?,?,?,?,default)
Hibernate: insert into cookie (cookie_name,flavor,price,quantity_available,id) values (?,?,?,?,default)
Hibernate: insert into cookie (cookie_name,flavor,price,quantity_available,id) values (?,?,?,?,default)
Hibernate: insert into cookie (cookie_name,flavor,price,quantity_available,id) values (?,?,?,?,default)
Sample cookies created
Hibernate: insert into cookie (cookie_name,flavor,price,quantity_available,id) values (?,?,?,?,default)
Hibernate: insert into cookie (cookie_name,flavor,price,quantity_available,id) values (?,?,?,?,default)
Hibernate: insert into cookie (cookie_name,flavor,price,quantity_available,id) values (?,?,?,?,default)
]]></system-out>
  </testcase>
  <testcase name="getAllCookiesReturnsMultipleItems" classname="com.examly.springapp.EnhancedCookieTests" time="0.021">
    <system-out><![CDATA[Hibernate: select c1_0.id,c1_0.cookie_name,c1_0.flavor,c1_0.price,c1_0.quantity_available from cookie c1_0
]]></system-out>
  </testcase>
  <testcase name="getCookiesByFlavorFiltersCorrectly" classname="com.examly.springapp.EnhancedCookieTests" time="0.03">
    <system-out><![CDATA[Hibernate: select c1_0.id,c1_0.cookie_name,c1_0.flavor,c1_0.price,c1_0.quantity_available from cookie c1_0 where c1_0.flavor=?
Hibernate: select c1_0.id,c1_0.cookie_name,c1_0.flavor,c1_0.price,c1_0.quantity_available from cookie c1_0 where c1_0.flavor=?
]]></system-out>
  </testcase>
  <testcase name="getCookiesSortedByPriceOrdersCorrectly" classname="com.examly.springapp.EnhancedCookieTests" time="0.01">
    <system-out><![CDATA[Hibernate: select c1_0.id,c1_0.cookie_name,c1_0.flavor,c1_0.price,c1_0.quantity_available from cookie c1_0 order by c1_0.price
]]></system-out>
  </testcase>
  <testcase name="addCookieWithInvalidDataStillReturns200" classname="com.examly.springapp.EnhancedCookieTests" time="0.006">
    <system-out><![CDATA[Hibernate: insert into cookie (cookie_name,flavor,price,quantity_available,id) values (?,?,?,?,default)
]]></system-out>
  </testcase>
  <testcase name="addCookieWithMissingFieldsStillReturns200" classname="com.examly.springapp.EnhancedCookieTests" time="0.006">
    <system-out><![CDATA[Hibernate: insert into cookie (cookie_name,flavor,price,quantity_available,id) values (?,?,?,?,default)
]]></system-out>
  </testcase>
  <testcase name="getCookiesByNonExistentFlavorReturnsEmptyArray" classname="com.examly.springapp.EnhancedCookieTests" time="0.005">
    <system-out><![CDATA[Hibernate: select c1_0.id,c1_0.cookie_name,c1_0.flavor,c1_0.price,c1_0.quantity_available from cookie c1_0 where c1_0.flavor=?
]]></system-out>
  </testcase>
  <testcase name="addCookieWithSpecialCharactersInName" classname="com.examly.springapp.EnhancedCookieTests" time="0.005">
    <system-out><![CDATA[Hibernate: insert into cookie (cookie_name,flavor,price,quantity_available,id) values (?,?,?,?,default)
]]></system-out>
  </testcase>
  <testcase name="addCookieWithMaximumValues" classname="com.examly.springapp.EnhancedCookieTests" time="0.006">
    <system-out><![CDATA[Hibernate: insert into cookie (cookie_name,flavor,price,quantity_available,id) values (?,?,?,?,default)
]]></system-out>
  </testcase>
  <testcase name="addCookieWithMinimumValidValues" classname="com.examly.springapp.EnhancedCookieTests" time="0.005">
    <system-out><![CDATA[Hibernate: insert into cookie (cookie_name,flavor,price,quantity_available,id) values (?,?,?,?,default)
]]></system-out>
  </testcase>
  <testcase name="handleVeryLongCookieName" classname="com.examly.springapp.EnhancedCookieTests" time="0.006">
    <system-out><![CDATA[Hibernate: insert into cookie (cookie_name,flavor,price,quantity_available,id) values (?,?,?,?,default)
]]></system-out>
  </testcase>
  <testcase name="handleUnicodeCharactersInCookieNameReturns500" classname="com.examly.springapp.EnhancedCookieTests" time="0.007"/>
  <testcase name="postWithoutJWTReturns200InTestProfile" classname="com.examly.springapp.EnhancedCookieTests" time="0.005">
    <system-out><![CDATA[Hibernate: insert into cookie (cookie_name,flavor,price,quantity_available,id) values (?,?,?,?,default)
]]></system-out>
  </testcase>
  <testcase name="accessWithoutJWTReturns200InTestProfile" classname="com.examly.springapp.EnhancedCookieTests" time="0.006">
    <system-out><![CDATA[Hibernate: select c1_0.id,c1_0.cookie_name,c1_0.flavor,c1_0.price,c1_0.quantity_available from cookie c1_0
]]></system-out>
  </testcase>
  <testcase name="addMultipleCookiesInBatch" classname="com.examly.springapp.EnhancedCookieTests" time="0.032">
    <system-out><![CDATA[Hibernate: insert into cookie (cookie_name,flavor,price,quantity_available,id) values (?,?,?,?,default)
Hibernate: insert into cookie (cookie_name,flavor,price,quantity_available,id) values (?,?,?,?,default)
Hibernate: insert into cookie (cookie_name,flavor,price,quantity_available,id) values (?,?,?,?,default)
Hibernate: insert into cookie (cookie_name,flavor,price,quantity_available,id) values (?,?,?,?,default)
Hibernate: insert into cookie (cookie_name,flavor,price,quantity_available,id) values (?,?,?,?,default)
Hibernate: insert into cookie (cookie_name,flavor,price,quantity_available,id) values (?,?,?,?,default)
Hibernate: insert into cookie (cookie_name,flavor,price,quantity_available,id) values (?,?,?,?,default)
Hibernate: insert into cookie (cookie_name,flavor,price,quantity_available,id) values (?,?,?,?,default)
Hibernate: insert into cookie (cookie_name,flavor,price,quantity_available,id) values (?,?,?,?,default)
Hibernate: insert into cookie (cookie_name,flavor,price,quantity_available,id) values (?,?,?,?,default)
]]></system-out>
  </testcase>
  <testcase name="addedCookieDataPersistsCorrectly" classname="com.examly.springapp.EnhancedCookieTests" time="0.028">
    <system-out><![CDATA[Hibernate: insert into cookie (cookie_name,flavor,price,quantity_available,id) values (?,?,?,?,default)
Hibernate: select c1_0.id,c1_0.cookie_name,c1_0.flavor,c1_0.price,c1_0.quantity_available from cookie c1_0
]]></system-out>
  </testcase>
</testsuite>