{"/home/coder/project/workspace/reactapp/src/App.jsx": {"path":"/home/coder/project/workspace/reactapp/src/App.jsx","statementMap":{"0":{"start":{"line":16,"column":32},"end":{"line":16,"column":44}},"1":{"start":{"line":17,"column":28},"end":{"line":17,"column":42}},"2":{"start":{"line":18,"column":42},"end":{"line":18,"column":54}},"3":{"start":{"line":19,"column":40},"end":{"line":19,"column":51}},"4":{"start":{"line":20,"column":32},"end":{"line":20,"column":47}},"5":{"start":{"line":21,"column":36},"end":{"line":21,"column":51}},"6":{"start":{"line":22,"column":23},"end":{"line":22,"column":24}},"7":{"start":{"line":24,"column":22},"end":{"line":38,"column":3}},"8":{"start":{"line":25,"column":4},"end":{"line":37,"column":5}},"9":{"start":{"line":26,"column":6},"end":{"line":26,"column":23}},"10":{"start":{"line":27,"column":6},"end":{"line":27,"column":21}},"11":{"start":{"line":28,"column":23},"end":{"line":28,"column":88}},"12":{"start":{"line":29,"column":6},"end":{"line":29,"column":68}},"13":{"start":{"line":30,"column":6},"end":{"line":30,"column":24}},"14":{"start":{"line":32,"column":6},"end":{"line":32,"column":25}},"15":{"start":{"line":33,"column":6},"end":{"line":33,"column":21}},"16":{"start":{"line":34,"column":6},"end":{"line":34,"column":41}},"17":{"start":{"line":36,"column":6},"end":{"line":36,"column":24}},"18":{"start":{"line":40,"column":2},"end":{"line":42,"column":9}},"19":{"start":{"line":41,"column":4},"end":{"line":41,"column":18}},"20":{"start":{"line":44,"column":2},"end":{"line":47,"column":21}},"21":{"start":{"line":45,"column":4},"end":{"line":46,"column":23}},"22":{"start":{"line":45,"column":22},"end":{"line":45,"column":48}},"23":{"start":{"line":46,"column":9},"end":{"line":46,"column":23}},"24":{"start":{"line":49,"column":26},"end":{"line":60,"column":3}},"25":{"start":{"line":50,"column":4},"end":{"line":59,"column":5}},"26":{"start":{"line":51,"column":6},"end":{"line":51,"column":21}},"27":{"start":{"line":52,"column":24},"end":{"line":52,"column":51}},"28":{"start":{"line":53,"column":6},"end":{"line":53,"column":49}},"29":{"start":{"line":53,"column":27},"end":{"line":53,"column":47}},"30":{"start":{"line":54,"column":6},"end":{"line":54,"column":87}},"31":{"start":{"line":54,"column":61},"end":{"line":54,"column":87}},"32":{"start":{"line":56,"column":6},"end":{"line":56,"column":25}},"33":{"start":{"line":57,"column":6},"end":{"line":57,"column":39}},"34":{"start":{"line":58,"column":6},"end":{"line":58,"column":16}},"35":{"start":{"line":62,"column":29},"end":{"line":71,"column":3}},"36":{"start":{"line":63,"column":4},"end":{"line":70,"column":5}},"37":{"start":{"line":64,"column":6},"end":{"line":64,"column":21}},"38":{"start":{"line":65,"column":6},"end":{"line":65,"column":29}},"39":{"start":{"line":66,"column":6},"end":{"line":66,"column":68}},"40":{"start":{"line":66,"column":27},"end":{"line":66,"column":66}},"41":{"start":{"line":66,"column":49},"end":{"line":66,"column":65}},"42":{"start":{"line":68,"column":6},"end":{"line":68,"column":25}},"43":{"start":{"line":69,"column":6},"end":{"line":69,"column":42}},"44":{"start":{"line":73,"column":21},"end":{"line":73,"column":61}},"45":{"start":{"line":74,"column":21},"end":{"line":74,"column":53}},"46":{"start":{"line":75,"column":27},"end":{"line":75,"column":79}},"47":{"start":{"line":77,"column":2},"end":{"line":192,"column":4}},"48":{"start":{"line":87,"column":29},"end":{"line":87,"column":49}},"49":{"start":{"line":93,"column":29},"end":{"line":93,"column":48}},"50":{"start":{"line":99,"column":29},"end":{"line":99,"column":49}},"51":{"start":{"line":105,"column":29},"end":{"line":105,"column":54}},"52":{"start":{"line":117,"column":64},"end":{"line":117,"column":83}},"53":{"start":{"line":120,"column":64},"end":{"line":120,"column":84}},"54":{"start":{"line":123,"column":64},"end":{"line":123,"column":77}},"55":{"start":{"line":144,"column":35},"end":{"line":144,"column":66}},"56":{"start":{"line":168,"column":35},"end":{"line":168,"column":80}},"57":{"start":{"line":168,"column":58},"end":{"line":168,"column":79}},"58":{"start":{"line":175,"column":35},"end":{"line":175,"column":89}},"59":{"start":{"line":175,"column":58},"end":{"line":175,"column":88}}},"fnMap":{"0":{"name":"App","decl":{"start":{"line":15,"column":9},"end":{"line":15,"column":12}},"loc":{"start":{"line":15,"column":15},"end":{"line":193,"column":1}},"line":15},"1":{"name":"(anonymous_1)","decl":{"start":{"line":24,"column":22},"end":{"line":24,"column":23}},"loc":{"start":{"line":24,"column":45},"end":{"line":38,"column":3}},"line":24},"2":{"name":"(anonymous_2)","decl":{"start":{"line":40,"column":12},"end":{"line":40,"column":13}},"loc":{"start":{"line":40,"column":18},"end":{"line":42,"column":3}},"line":40},"3":{"name":"(anonymous_3)","decl":{"start":{"line":44,"column":12},"end":{"line":44,"column":13}},"loc":{"start":{"line":44,"column":18},"end":{"line":47,"column":3}},"line":44},"4":{"name":"(anonymous_4)","decl":{"start":{"line":49,"column":26},"end":{"line":49,"column":27}},"loc":{"start":{"line":49,"column":48},"end":{"line":60,"column":3}},"line":49},"5":{"name":"(anonymous_5)","decl":{"start":{"line":53,"column":17},"end":{"line":53,"column":18}},"loc":{"start":{"line":53,"column":27},"end":{"line":53,"column":47}},"line":53},"6":{"name":"(anonymous_6)","decl":{"start":{"line":62,"column":29},"end":{"line":62,"column":30}},"loc":{"start":{"line":62,"column":43},"end":{"line":71,"column":3}},"line":62},"7":{"name":"(anonymous_7)","decl":{"start":{"line":66,"column":17},"end":{"line":66,"column":18}},"loc":{"start":{"line":66,"column":27},"end":{"line":66,"column":66}},"line":66},"8":{"name":"(anonymous_8)","decl":{"start":{"line":66,"column":39},"end":{"line":66,"column":40}},"loc":{"start":{"line":66,"column":49},"end":{"line":66,"column":65}},"line":66},"9":{"name":"(anonymous_9)","decl":{"start":{"line":87,"column":23},"end":{"line":87,"column":24}},"loc":{"start":{"line":87,"column":29},"end":{"line":87,"column":49}},"line":87},"10":{"name":"(anonymous_10)","decl":{"start":{"line":93,"column":23},"end":{"line":93,"column":24}},"loc":{"start":{"line":93,"column":29},"end":{"line":93,"column":48}},"line":93},"11":{"name":"(anonymous_11)","decl":{"start":{"line":99,"column":23},"end":{"line":99,"column":24}},"loc":{"start":{"line":99,"column":29},"end":{"line":99,"column":49}},"line":99},"12":{"name":"(anonymous_12)","decl":{"start":{"line":105,"column":23},"end":{"line":105,"column":24}},"loc":{"start":{"line":105,"column":29},"end":{"line":105,"column":54}},"line":105},"13":{"name":"(anonymous_13)","decl":{"start":{"line":117,"column":58},"end":{"line":117,"column":59}},"loc":{"start":{"line":117,"column":64},"end":{"line":117,"column":83}},"line":117},"14":{"name":"(anonymous_14)","decl":{"start":{"line":120,"column":58},"end":{"line":120,"column":59}},"loc":{"start":{"line":120,"column":64},"end":{"line":120,"column":84}},"line":120},"15":{"name":"(anonymous_15)","decl":{"start":{"line":123,"column":58},"end":{"line":123,"column":59}},"loc":{"start":{"line":123,"column":64},"end":{"line":123,"column":77}},"line":123},"16":{"name":"(anonymous_16)","decl":{"start":{"line":144,"column":28},"end":{"line":144,"column":29}},"loc":{"start":{"line":144,"column":35},"end":{"line":144,"column":66}},"line":144},"17":{"name":"(anonymous_17)","decl":{"start":{"line":168,"column":29},"end":{"line":168,"column":30}},"loc":{"start":{"line":168,"column":35},"end":{"line":168,"column":80}},"line":168},"18":{"name":"(anonymous_18)","decl":{"start":{"line":168,"column":50},"end":{"line":168,"column":51}},"loc":{"start":{"line":168,"column":58},"end":{"line":168,"column":79}},"line":168},"19":{"name":"(anonymous_19)","decl":{"start":{"line":175,"column":29},"end":{"line":175,"column":30}},"loc":{"start":{"line":175,"column":35},"end":{"line":175,"column":89}},"line":175},"20":{"name":"(anonymous_20)","decl":{"start":{"line":175,"column":50},"end":{"line":175,"column":51}},"loc":{"start":{"line":175,"column":58},"end":{"line":175,"column":88}},"line":175}},"branchMap":{"0":{"loc":{"start":{"line":24,"column":29},"end":{"line":24,"column":40}},"type":"default-arg","locations":[{"start":{"line":24,"column":38},"end":{"line":24,"column":40}}],"line":24},"1":{"loc":{"start":{"line":28,"column":23},"end":{"line":28,"column":88}},"type":"cond-expr","locations":[{"start":{"line":28,"column":32},"end":{"line":28,"column":64}},{"start":{"line":28,"column":67},"end":{"line":28,"column":88}}],"line":28},"2":{"loc":{"start":{"line":29,"column":17},"end":{"line":29,"column":66}},"type":"cond-expr","locations":[{"start":{"line":29,"column":48},"end":{"line":29,"column":61}},{"start":{"line":29,"column":64},"end":{"line":29,"column":66}}],"line":29},"3":{"loc":{"start":{"line":45,"column":4},"end":{"line":46,"column":23}},"type":"if","locations":[{"start":{"line":45,"column":4},"end":{"line":46,"column":23}},{"start":{"line":46,"column":9},"end":{"line":46,"column":23}}],"line":45},"4":{"loc":{"start":{"line":54,"column":6},"end":{"line":54,"column":87}},"type":"if","locations":[{"start":{"line":54,"column":6},"end":{"line":54,"column":87}},{"start":{},"end":{}}],"line":54},"5":{"loc":{"start":{"line":54,"column":10},"end":{"line":54,"column":59}},"type":"binary-expr","locations":[{"start":{"line":54,"column":10},"end":{"line":54,"column":22}},{"start":{"line":54,"column":26},"end":{"line":54,"column":59}}],"line":54},"6":{"loc":{"start":{"line":82,"column":11},"end":{"line":82,"column":63}},"type":"binary-expr","locations":[{"start":{"line":82,"column":11},"end":{"line":82,"column":16}},{"start":{"line":82,"column":20},"end":{"line":82,"column":63}}],"line":82},"7":{"loc":{"start":{"line":86,"column":36},"end":{"line":86,"column":72}},"type":"cond-expr","locations":[{"start":{"line":86,"column":59},"end":{"line":86,"column":67}},{"start":{"line":86,"column":70},"end":{"line":86,"column":72}}],"line":86},"8":{"loc":{"start":{"line":92,"column":36},"end":{"line":92,"column":71}},"type":"cond-expr","locations":[{"start":{"line":92,"column":58},"end":{"line":92,"column":66}},{"start":{"line":92,"column":69},"end":{"line":92,"column":71}}],"line":92},"9":{"loc":{"start":{"line":98,"column":36},"end":{"line":98,"column":72}},"type":"cond-expr","locations":[{"start":{"line":98,"column":59},"end":{"line":98,"column":67}},{"start":{"line":98,"column":70},"end":{"line":98,"column":72}}],"line":98},"10":{"loc":{"start":{"line":104,"column":36},"end":{"line":104,"column":77}},"type":"cond-expr","locations":[{"start":{"line":104,"column":64},"end":{"line":104,"column":72}},{"start":{"line":104,"column":75},"end":{"line":104,"column":77}}],"line":104},"11":{"loc":{"start":{"line":111,"column":11},"end":{"line":129,"column":11}},"type":"binary-expr","locations":[{"start":{"line":111,"column":11},"end":{"line":111,"column":31}},{"start":{"line":112,"column":12},"end":{"line":128,"column":18}}],"line":111},"12":{"loc":{"start":{"line":131,"column":11},"end":{"line":136,"column":11}},"type":"binary-expr","locations":[{"start":{"line":131,"column":11},"end":{"line":131,"column":30}},{"start":{"line":132,"column":12},"end":{"line":135,"column":18}}],"line":131},"13":{"loc":{"start":{"line":138,"column":11},"end":{"line":183,"column":11}},"type":"binary-expr","locations":[{"start":{"line":138,"column":11},"end":{"line":138,"column":31}},{"start":{"line":139,"column":12},"end":{"line":182,"column":18}}],"line":138},"14":{"loc":{"start":{"line":156,"column":15},"end":{"line":163,"column":15}},"type":"cond-expr","locations":[{"start":{"line":157,"column":16},"end":{"line":157,"column":65}},{"start":{"line":159,"column":16},"end":{"line":162,"column":18}}],"line":156},"15":{"loc":{"start":{"line":165,"column":15},"end":{"line":181,"column":15}},"type":"binary-expr","locations":[{"start":{"line":165,"column":15},"end":{"line":165,"column":29}},{"start":{"line":166,"column":16},"end":{"line":180,"column":22}}],"line":165},"16":{"loc":{"start":{"line":185,"column":11},"end":{"line":187,"column":11}},"type":"binary-expr","locations":[{"start":{"line":185,"column":11},"end":{"line":185,"column":36}},{"start":{"line":186,"column":12},"end":{"line":186,"column":43}}],"line":185}},"s":{"0":82,"1":80,"2":80,"3":80,"4":80,"5":80,"6":80,"7":80,"8":56,"9":56,"10":56,"11":56,"12":54,"13":28,"14":28,"15":28,"16":28,"17":56,"18":80,"19":28,"20":80,"21":28,"22":0,"23":28,"24":80,"25":0,"26":0,"27":0,"28":0,"29":0,"30":0,"31":0,"32":0,"33":0,"34":0,"35":80,"36":0,"37":0,"38":0,"39":0,"40":0,"41":0,"42":0,"43":0,"44":80,"45":80,"46":80,"47":80,"48":0,"49":2,"50":0,"51":0,"52":0,"53":0,"54":0,"55":0,"56":0,"57":0,"58":0,"59":0},"f":{"0":82,"1":56,"2":28,"3":28,"4":0,"5":0,"6":0,"7":0,"8":0,"9":0,"10":2,"11":0,"12":0,"13":0,"14":0,"15":0,"16":0,"17":0,"18":0,"19":0,"20":0},"b":{"0":[56],"1":[0,56],"2":[28,0],"3":[0,28],"4":[0,0],"5":[0,0],"6":[80,20],"7":[0,80],"8":[80,0],"9":[0,80],"10":[0,80],"11":[80,0],"12":[80,80],"13":[80,0],"14":[0,0],"15":[0,0],"16":[80,0]},"_coverageSchema":"1a1c01bbd47fc00a2c39e90264f33305004495a9","hash":"3c569876d316b25f0bf25ece4c227a55f93a8377"}
,"/home/coder/project/workspace/reactapp/src/index.js": {"path":"/home/coder/project/workspace/reactapp/src/index.js","statementMap":{"0":{"start":{"line":6,"column":13},"end":{"line":6,"column":65}},"1":{"start":{"line":7,"column":0},"end":{"line":7,"column":21}}},"fnMap":{},"branchMap":{},"s":{"0":0,"1":0},"f":{},"b":{}}
,"/home/coder/project/workspace/reactapp/src/reportWebVitals.js": {"path":"/home/coder/project/workspace/reactapp/src/reportWebVitals.js","statementMap":{"0":{"start":{"line":1,"column":24},"end":{"line":11,"column":1}},"1":{"start":{"line":2,"column":2},"end":{"line":10,"column":3}},"2":{"start":{"line":3,"column":4},"end":{"line":9,"column":7}},"3":{"start":{"line":4,"column":6},"end":{"line":4,"column":26}},"4":{"start":{"line":5,"column":6},"end":{"line":5,"column":26}},"5":{"start":{"line":6,"column":6},"end":{"line":6,"column":26}},"6":{"start":{"line":7,"column":6},"end":{"line":7,"column":26}},"7":{"start":{"line":8,"column":6},"end":{"line":8,"column":27}}},"fnMap":{"0":{"name":"(anonymous_0)","decl":{"start":{"line":1,"column":24},"end":{"line":1,"column":25}},"loc":{"start":{"line":1,"column":39},"end":{"line":11,"column":1}},"line":1},"1":{"name":"(anonymous_1)","decl":{"start":{"line":3,"column":30},"end":{"line":3,"column":31}},"loc":{"start":{"line":3,"column":79},"end":{"line":9,"column":5}},"line":3}},"branchMap":{"0":{"loc":{"start":{"line":2,"column":2},"end":{"line":10,"column":3}},"type":"if","locations":[{"start":{"line":2,"column":2},"end":{"line":10,"column":3}},{"start":{},"end":{}}],"line":2},"1":{"loc":{"start":{"line":2,"column":6},"end":{"line":2,"column":52}},"type":"binary-expr","locations":[{"start":{"line":2,"column":6},"end":{"line":2,"column":17}},{"start":{"line":2,"column":21},"end":{"line":2,"column":52}}],"line":2}},"s":{"0":0,"1":0,"2":0,"3":0,"4":0,"5":0,"6":0,"7":0},"f":{"0":0,"1":0},"b":{"0":[0,0],"1":[0,0]}}
,"/home/coder/project/workspace/reactapp/src/components/cookie/AddCookie.js": {"path":"/home/coder/project/workspace/reactapp/src/components/cookie/AddCookie.js","statementMap":{"0":{"start":{"line":4,"column":38},"end":{"line":4,"column":50}},"1":{"start":{"line":5,"column":30},"end":{"line":5,"column":42}},"2":{"start":{"line":6,"column":28},"end":{"line":6,"column":40}},"3":{"start":{"line":7,"column":52},"end":{"line":7,"column":64}},"4":{"start":{"line":9,"column":23},"end":{"line":37,"column":3}},"5":{"start":{"line":10,"column":4},"end":{"line":10,"column":23}},"6":{"start":{"line":12,"column":19},"end":{"line":17,"column":5}},"7":{"start":{"line":19,"column":4},"end":{"line":36,"column":5}},"8":{"start":{"line":20,"column":23},"end":{"line":24,"column":8}},"9":{"start":{"line":26,"column":6},"end":{"line":32,"column":7}},"10":{"start":{"line":27,"column":8},"end":{"line":27,"column":44}},"11":{"start":{"line":28,"column":8},"end":{"line":28,"column":26}},"12":{"start":{"line":28,"column":27},"end":{"line":28,"column":41}},"13":{"start":{"line":28,"column":42},"end":{"line":28,"column":55}},"14":{"start":{"line":28,"column":56},"end":{"line":28,"column":81}},"15":{"start":{"line":30,"column":23},"end":{"line":30,"column":44}},"16":{"start":{"line":31,"column":8},"end":{"line":31,"column":49}},"17":{"start":{"line":34,"column":6},"end":{"line":34,"column":25}},"18":{"start":{"line":35,"column":6},"end":{"line":35,"column":51}},"19":{"start":{"line":39,"column":2},"end":{"line":62,"column":4}},"20":{"start":{"line":45,"column":65},"end":{"line":45,"column":94}},"21":{"start":{"line":49,"column":61},"end":{"line":49,"column":86}},"22":{"start":{"line":53,"column":62},"end":{"line":53,"column":86}},"23":{"start":{"line":57,"column":74},"end":{"line":57,"column":110}}},"fnMap":{"0":{"name":"AddCookie","decl":{"start":{"line":3,"column":9},"end":{"line":3,"column":18}},"loc":{"start":{"line":3,"column":21},"end":{"line":63,"column":1}},"line":3},"1":{"name":"(anonymous_1)","decl":{"start":{"line":9,"column":23},"end":{"line":9,"column":24}},"loc":{"start":{"line":9,"column":36},"end":{"line":37,"column":3}},"line":9},"2":{"name":"(anonymous_2)","decl":{"start":{"line":45,"column":58},"end":{"line":45,"column":59}},"loc":{"start":{"line":45,"column":65},"end":{"line":45,"column":94}},"line":45},"3":{"name":"(anonymous_3)","decl":{"start":{"line":49,"column":54},"end":{"line":49,"column":55}},"loc":{"start":{"line":49,"column":61},"end":{"line":49,"column":86}},"line":49},"4":{"name":"(anonymous_4)","decl":{"start":{"line":53,"column":55},"end":{"line":53,"column":56}},"loc":{"start":{"line":53,"column":62},"end":{"line":53,"column":86}},"line":53},"5":{"name":"(anonymous_5)","decl":{"start":{"line":57,"column":67},"end":{"line":57,"column":68}},"loc":{"start":{"line":57,"column":74},"end":{"line":57,"column":110}},"line":57}},"branchMap":{"0":{"loc":{"start":{"line":26,"column":6},"end":{"line":32,"column":7}},"type":"if","locations":[{"start":{"line":26,"column":6},"end":{"line":32,"column":7}},{"start":{"line":29,"column":13},"end":{"line":32,"column":7}}],"line":26}},"s":{"0":0,"1":0,"2":0,"3":0,"4":0,"5":0,"6":0,"7":0,"8":0,"9":0,"10":0,"11":0,"12":0,"13":0,"14":0,"15":0,"16":0,"17":0,"18":0,"19":0,"20":0,"21":0,"22":0,"23":0},"f":{"0":0,"1":0,"2":0,"3":0,"4":0,"5":0},"b":{"0":[0,0]}}
,"/home/coder/project/workspace/reactapp/src/components/cookie/CookieCard.js": {"path":"/home/coder/project/workspace/reactapp/src/components/cookie/CookieCard.js","statementMap":{"0":{"start":{"line":5,"column":2},"end":{"line":17,"column":4}},"1":{"start":{"line":12,"column":56},"end":{"line":12,"column":75}}},"fnMap":{"0":{"name":"CookieCard","decl":{"start":{"line":4,"column":9},"end":{"line":4,"column":19}},"loc":{"start":{"line":4,"column":42},"end":{"line":18,"column":1}},"line":4},"1":{"name":"(anonymous_1)","decl":{"start":{"line":12,"column":50},"end":{"line":12,"column":51}},"loc":{"start":{"line":12,"column":56},"end":{"line":12,"column":75}},"line":12}},"branchMap":{"0":{"loc":{"start":{"line":11,"column":7},"end":{"line":15,"column":7}},"type":"binary-expr","locations":[{"start":{"line":11,"column":7},"end":{"line":11,"column":15}},{"start":{"line":12,"column":8},"end":{"line":14,"column":17}}],"line":11}},"s":{"0":0,"1":0},"f":{"0":0,"1":0},"b":{"0":[0,0]},"_coverageSchema":"1a1c01bbd47fc00a2c39e90264f33305004495a9","hash":"011fa3038c51f9985a845b50224ee3be83ef157f"}
,"/home/coder/project/workspace/reactapp/src/components/cookie/CookieForm.js": {"path":"/home/coder/project/workspace/reactapp/src/components/cookie/CookieForm.js","statementMap":{"0":{"start":{"line":6,"column":38},"end":{"line":11,"column":4}},"1":{"start":{"line":12,"column":38},"end":{"line":12,"column":53}},"2":{"start":{"line":13,"column":36},"end":{"line":13,"column":50}},"3":{"start":{"line":15,"column":23},"end":{"line":18,"column":3}},"4":{"start":{"line":16,"column":28},"end":{"line":16,"column":36}},"5":{"start":{"line":17,"column":4},"end":{"line":17,"column":58}},"6":{"start":{"line":17,"column":29},"end":{"line":17,"column":55}},"7":{"start":{"line":20,"column":23},"end":{"line":51,"column":3}},"8":{"start":{"line":21,"column":4},"end":{"line":21,"column":23}},"9":{"start":{"line":22,"column":4},"end":{"line":22,"column":23}},"10":{"start":{"line":25,"column":4},"end":{"line":33,"column":5}},"11":{"start":{"line":31,"column":6},"end":{"line":31,"column":46}},"12":{"start":{"line":32,"column":6},"end":{"line":32,"column":13}},"13":{"start":{"line":35,"column":4},"end":{"line":35,"column":24}},"14":{"start":{"line":36,"column":4},"end":{"line":50,"column":5}},"15":{"start":{"line":37,"column":6},"end":{"line":42,"column":9}},"16":{"start":{"line":44,"column":6},"end":{"line":44,"column":86}},"17":{"start":{"line":46,"column":6},"end":{"line":46,"column":43}},"18":{"start":{"line":47,"column":6},"end":{"line":47,"column":16}},"19":{"start":{"line":49,"column":6},"end":{"line":49,"column":27}},"20":{"start":{"line":54,"column":2},"end":{"line":95,"column":4}}},"fnMap":{"0":{"name":"CookieForm","decl":{"start":{"line":4,"column":9},"end":{"line":4,"column":19}},"loc":{"start":{"line":4,"column":35},"end":{"line":96,"column":1}},"line":4},"1":{"name":"(anonymous_1)","decl":{"start":{"line":15,"column":23},"end":{"line":15,"column":24}},"loc":{"start":{"line":15,"column":30},"end":{"line":18,"column":3}},"line":15},"2":{"name":"(anonymous_2)","decl":{"start":{"line":17,"column":18},"end":{"line":17,"column":19}},"loc":{"start":{"line":17,"column":29},"end":{"line":17,"column":55}},"line":17},"3":{"name":"(anonymous_3)","decl":{"start":{"line":20,"column":23},"end":{"line":20,"column":24}},"loc":{"start":{"line":20,"column":36},"end":{"line":51,"column":3}},"line":20}},"branchMap":{"0":{"loc":{"start":{"line":25,"column":4},"end":{"line":33,"column":5}},"type":"if","locations":[{"start":{"line":25,"column":4},"end":{"line":33,"column":5}},{"start":{},"end":{}}],"line":25},"1":{"loc":{"start":{"line":26,"column":6},"end":{"line":29,"column":41}},"type":"binary-expr","locations":[{"start":{"line":26,"column":6},"end":{"line":26,"column":35}},{"start":{"line":27,"column":6},"end":{"line":27,"column":31}},{"start":{"line":28,"column":6},"end":{"line":28,"column":29}},{"start":{"line":29,"column":6},"end":{"line":29,"column":41}}],"line":26},"2":{"loc":{"start":{"line":56,"column":7},"end":{"line":56,"column":81}},"type":"binary-expr","locations":[{"start":{"line":56,"column":7},"end":{"line":56,"column":16}},{"start":{"line":56,"column":20},"end":{"line":56,"column":81}}],"line":56},"3":{"loc":{"start":{"line":92,"column":9},"end":{"line":92,"column":48}},"type":"cond-expr","locations":[{"start":{"line":92,"column":22},"end":{"line":92,"column":33}},{"start":{"line":92,"column":36},"end":{"line":92,"column":48}}],"line":92}},"s":{"0":94,"1":94,"2":94,"3":94,"4":16,"5":16,"6":16,"7":94,"8":0,"9":0,"10":0,"11":0,"12":0,"13":0,"14":0,"15":0,"16":0,"17":0,"18":0,"19":0,"20":94},"f":{"0":94,"1":16,"2":16,"3":0},"b":{"0":[0,0],"1":[0,0,0,0],"2":[94,0],"3":[0,94]},"_coverageSchema":"1a1c01bbd47fc00a2c39e90264f33305004495a9","hash":"97bf17aed45520019be64b2bda7086948357896c"}
,"/home/coder/project/workspace/reactapp/src/components/cookie/CookieList.js": {"path":"/home/coder/project/workspace/reactapp/src/components/cookie/CookieList.js","statementMap":{"0":{"start":{"line":6,"column":2},"end":{"line":8,"column":3}},"1":{"start":{"line":7,"column":4},"end":{"line":7,"column":66}},"2":{"start":{"line":10,"column":2},"end":{"line":16,"column":4}},"3":{"start":{"line":13,"column":8},"end":{"line":13,"column":74}}},"fnMap":{"0":{"name":"CookieList","decl":{"start":{"line":5,"column":9},"end":{"line":5,"column":19}},"loc":{"start":{"line":5,"column":43},"end":{"line":17,"column":1}},"line":5},"1":{"name":"(anonymous_1)","decl":{"start":{"line":12,"column":19},"end":{"line":12,"column":20}},"loc":{"start":{"line":13,"column":8},"end":{"line":13,"column":74}},"line":13}},"branchMap":{"0":{"loc":{"start":{"line":6,"column":2},"end":{"line":8,"column":3}},"type":"if","locations":[{"start":{"line":6,"column":2},"end":{"line":8,"column":3}},{"start":{},"end":{}}],"line":6},"1":{"loc":{"start":{"line":6,"column":6},"end":{"line":6,"column":38}},"type":"binary-expr","locations":[{"start":{"line":6,"column":6},"end":{"line":6,"column":14}},{"start":{"line":6,"column":18},"end":{"line":6,"column":38}}],"line":6}},"s":{"0":0,"1":0,"2":0,"3":0},"f":{"0":0,"1":0},"b":{"0":[0,0],"1":[0,0]},"_coverageSchema":"1a1c01bbd47fc00a2c39e90264f33305004495a9","hash":"219942f580f9a4ea8b9f6b5587bcd771abf8418b"}
,"/home/coder/project/workspace/reactapp/src/components/dashboard/Dashboard.js": {"path":"/home/coder/project/workspace/reactapp/src/components/dashboard/Dashboard.js","statementMap":{"0":{"start":{"line":5,"column":23},"end":{"line":5,"column":37}},"1":{"start":{"line":6,"column":24},"end":{"line":6,"column":90}},"2":{"start":{"line":6,"column":56},"end":{"line":6,"column":86}},"3":{"start":{"line":7,"column":23},"end":{"line":8,"column":92}},"4":{"start":{"line":8,"column":37},"end":{"line":8,"column":55}},"5":{"start":{"line":10,"column":22},"end":{"line":13,"column":8}},"6":{"start":{"line":11,"column":4},"end":{"line":11,"column":55}},"7":{"start":{"line":12,"column":4},"end":{"line":12,"column":15}},"8":{"start":{"line":15,"column":21},"end":{"line":17,"column":16}},"9":{"start":{"line":16,"column":26},"end":{"line":16,"column":31}},"10":{"start":{"line":19,"column":2},"end":{"line":72,"column":4}},"11":{"start":{"line":62,"column":14},"end":{"line":66,"column":20}}},"fnMap":{"0":{"name":"Dashboard","decl":{"start":{"line":4,"column":9},"end":{"line":4,"column":18}},"loc":{"start":{"line":4,"column":32},"end":{"line":73,"column":1}},"line":4},"1":{"name":"(anonymous_1)","decl":{"start":{"line":6,"column":39},"end":{"line":6,"column":40}},"loc":{"start":{"line":6,"column":56},"end":{"line":6,"column":86}},"line":6},"2":{"name":"(anonymous_2)","decl":{"start":{"line":8,"column":20},"end":{"line":8,"column":21}},"loc":{"start":{"line":8,"column":37},"end":{"line":8,"column":55}},"line":8},"3":{"name":"(anonymous_3)","decl":{"start":{"line":10,"column":37},"end":{"line":10,"column":38}},"loc":{"start":{"line":10,"column":54},"end":{"line":13,"column":3}},"line":10},"4":{"name":"(anonymous_4)","decl":{"start":{"line":16,"column":10},"end":{"line":16,"column":11}},"loc":{"start":{"line":16,"column":26},"end":{"line":16,"column":31}},"line":16},"5":{"name":"(anonymous_5)","decl":{"start":{"line":61,"column":28},"end":{"line":61,"column":29}},"loc":{"start":{"line":62,"column":14},"end":{"line":66,"column":20}},"line":62}},"branchMap":{"0":{"loc":{"start":{"line":7,"column":23},"end":{"line":8,"column":92}},"type":"cond-expr","locations":[{"start":{"line":8,"column":4},"end":{"line":8,"column":88}},{"start":{"line":8,"column":91},"end":{"line":8,"column":92}}],"line":7},"1":{"loc":{"start":{"line":11,"column":26},"end":{"line":11,"column":49}},"type":"binary-expr","locations":[{"start":{"line":11,"column":26},"end":{"line":11,"column":44}},{"start":{"line":11,"column":48},"end":{"line":11,"column":49}}],"line":11},"2":{"loc":{"start":{"line":57,"column":7},"end":{"line":70,"column":7}},"type":"binary-expr","locations":[{"start":{"line":57,"column":7},"end":{"line":57,"column":28}},{"start":{"line":58,"column":8},"end":{"line":69,"column":14}}],"line":57}},"s":{"0":0,"1":0,"2":0,"3":0,"4":0,"5":0,"6":0,"7":0,"8":0,"9":0,"10":0,"11":0},"f":{"0":0,"1":0,"2":0,"3":0,"4":0,"5":0},"b":{"0":[0,0],"1":[0,0],"2":[0,0]},"_coverageSchema":"1a1c01bbd47fc00a2c39e90264f33305004495a9","hash":"bc445f8f73c852c8c259f96d80f2a5e9c529ffe9"}
,"/home/coder/project/workspace/reactapp/src/components/footer/Footer.js": {"path":"/home/coder/project/workspace/reactapp/src/components/footer/Footer.js","statementMap":{"0":{"start":{"line":5,"column":2},"end":{"line":9,"column":4}}},"fnMap":{"0":{"name":"Footer","decl":{"start":{"line":4,"column":9},"end":{"line":4,"column":15}},"loc":{"start":{"line":4,"column":18},"end":{"line":10,"column":1}},"line":4}},"branchMap":{},"s":{"0":78},"f":{"0":78},"b":{},"_coverageSchema":"1a1c01bbd47fc00a2c39e90264f33305004495a9","hash":"3a7028682ca0887d7c1dc7fd4ef2f22b1d355426"}
,"/home/coder/project/workspace/reactapp/src/components/header/Header.js": {"path":"/home/coder/project/workspace/reactapp/src/components/header/Header.js","statementMap":{"0":{"start":{"line":5,"column":2},"end":{"line":15,"column":4}}},"fnMap":{"0":{"name":"Header","decl":{"start":{"line":4,"column":9},"end":{"line":4,"column":15}},"loc":{"start":{"line":4,"column":18},"end":{"line":16,"column":1}},"line":4}},"branchMap":{},"s":{"0":78},"f":{"0":78},"b":{},"_coverageSchema":"1a1c01bbd47fc00a2c39e90264f33305004495a9","hash":"d249b9f9f5b3bf561d077129c937e2758b1cb395"}
,"/home/coder/project/workspace/reactapp/src/services/api.js": {"path":"/home/coder/project/workspace/reactapp/src/services/api.js","statementMap":{"0":{"start":{"line":1,"column":26},"end":{"line":1,"column":114}},"1":{"start":{"line":5,"column":14},"end":{"line":5,"column":53}},"2":{"start":{"line":6,"column":2},"end":{"line":6,"column":58}},"3":{"start":{"line":6,"column":15},"end":{"line":6,"column":58}},"4":{"start":{"line":7,"column":15},"end":{"line":7,"column":31}},"5":{"start":{"line":8,"column":2},"end":{"line":8,"column":18}},"6":{"start":{"line":12,"column":14},"end":{"line":12,"column":88}},"7":{"start":{"line":13,"column":2},"end":{"line":13,"column":68}},"8":{"start":{"line":13,"column":15},"end":{"line":13,"column":68}},"9":{"start":{"line":14,"column":15},"end":{"line":14,"column":31}},"10":{"start":{"line":15,"column":2},"end":{"line":15,"column":18}},"11":{"start":{"line":19,"column":14},"end":{"line":19,"column":56}},"12":{"start":{"line":20,"column":2},"end":{"line":20,"column":65}},"13":{"start":{"line":20,"column":15},"end":{"line":20,"column":65}},"14":{"start":{"line":21,"column":15},"end":{"line":21,"column":31}},"15":{"start":{"line":22,"column":2},"end":{"line":22,"column":18}},"16":{"start":{"line":26,"column":14},"end":{"line":30,"column":4}},"17":{"start":{"line":31,"column":2},"end":{"line":31,"column":55}},"18":{"start":{"line":31,"column":15},"end":{"line":31,"column":55}},"19":{"start":{"line":32,"column":2},"end":{"line":32,"column":20}},"20":{"start":{"line":36,"column":14},"end":{"line":36,"column":70}},"21":{"start":{"line":37,"column":2},"end":{"line":37,"column":58}},"22":{"start":{"line":37,"column":15},"end":{"line":37,"column":58}},"23":{"start":{"line":38,"column":2},"end":{"line":38,"column":9}},"24":{"start":{"line":42,"column":31},"end":{"line":42,"column":44}},"25":{"start":{"line":43,"column":36},"end":{"line":43,"column":54}},"26":{"start":{"line":44,"column":28},"end":{"line":44,"column":37}},"27":{"start":{"line":45,"column":31},"end":{"line":45,"column":43}}},"fnMap":{"0":{"name":"getAllCookies","decl":{"start":{"line":4,"column":22},"end":{"line":4,"column":35}},"loc":{"start":{"line":4,"column":38},"end":{"line":9,"column":1}},"line":4},"1":{"name":"getCookiesByFlavor","decl":{"start":{"line":11,"column":22},"end":{"line":11,"column":40}},"loc":{"start":{"line":11,"column":49},"end":{"line":16,"column":1}},"line":11},"2":{"name":"getCookiesSortedByPrice","decl":{"start":{"line":18,"column":22},"end":{"line":18,"column":45}},"loc":{"start":{"line":18,"column":48},"end":{"line":23,"column":1}},"line":18},"3":{"name":"addCookie","decl":{"start":{"line":25,"column":22},"end":{"line":25,"column":31}},"loc":{"start":{"line":25,"column":40},"end":{"line":33,"column":1}},"line":25},"4":{"name":"deleteCookie","decl":{"start":{"line":35,"column":22},"end":{"line":35,"column":34}},"loc":{"start":{"line":35,"column":39},"end":{"line":39,"column":1}},"line":35}},"branchMap":{"0":{"loc":{"start":{"line":6,"column":2},"end":{"line":6,"column":58}},"type":"if","locations":[{"start":{"line":6,"column":2},"end":{"line":6,"column":58}},{"start":{},"end":{}}],"line":6},"1":{"loc":{"start":{"line":13,"column":2},"end":{"line":13,"column":68}},"type":"if","locations":[{"start":{"line":13,"column":2},"end":{"line":13,"column":68}},{"start":{},"end":{}}],"line":13},"2":{"loc":{"start":{"line":20,"column":2},"end":{"line":20,"column":65}},"type":"if","locations":[{"start":{"line":20,"column":2},"end":{"line":20,"column":65}},{"start":{},"end":{}}],"line":20},"3":{"loc":{"start":{"line":31,"column":2},"end":{"line":31,"column":55}},"type":"if","locations":[{"start":{"line":31,"column":2},"end":{"line":31,"column":55}},{"start":{},"end":{}}],"line":31},"4":{"loc":{"start":{"line":37,"column":2},"end":{"line":37,"column":58}},"type":"if","locations":[{"start":{"line":37,"column":2},"end":{"line":37,"column":58}},{"start":{},"end":{}}],"line":37}},"s":{"0":0,"1":0,"2":0,"3":0,"4":0,"5":0,"6":0,"7":0,"8":0,"9":0,"10":0,"11":0,"12":0,"13":0,"14":0,"15":0,"16":0,"17":0,"18":0,"19":0,"20":0,"21":0,"22":0,"23":0,"24":0,"25":0,"26":0,"27":0},"f":{"0":0,"1":0,"2":0,"3":0,"4":0},"b":{"0":[0,0],"1":[0,0],"2":[0,0],"3":[0,0],"4":[0,0]}}
}
