TN:
SF:src/App.jsx
FN:15,App
FN:24,(anonymous_1)
FN:40,(anonymous_2)
FN:44,(anonymous_3)
FN:49,(anonymous_4)
FN:53,(anonymous_5)
FN:62,(anonymous_6)
FN:66,(anonymous_7)
FN:66,(anonymous_8)
FN:87,(anonymous_9)
FN:93,(anonymous_10)
FN:99,(anonymous_11)
FN:105,(anonymous_12)
FN:117,(anonymous_13)
FN:120,(anonymous_14)
FN:123,(anonymous_15)
FN:144,(anonymous_16)
FN:168,(anonymous_17)
FN:168,(anonymous_18)
FN:175,(anonymous_19)
FN:175,(anonymous_20)
FNF:21
FNH:5
FNDA:82,App
FNDA:56,(anonymous_1)
FNDA:28,(anonymous_2)
FNDA:28,(anonymous_3)
FNDA:0,(anonymous_4)
FNDA:0,(anonymous_5)
FNDA:0,(anonymous_6)
FNDA:0,(anonymous_7)
FNDA:0,(anonymous_8)
FNDA:0,(anonymous_9)
FNDA:2,(anonymous_10)
FNDA:0,(anonymous_11)
FNDA:0,(anonymous_12)
FNDA:0,(anonymous_13)
FNDA:0,(anonymous_14)
FNDA:0,(anonymous_15)
FNDA:0,(anonymous_16)
FNDA:0,(anonymous_17)
FNDA:0,(anonymous_18)
FNDA:0,(anonymous_19)
FNDA:0,(anonymous_20)
DA:16,82
DA:17,80
DA:18,80
DA:19,80
DA:20,80
DA:21,80
DA:22,80
DA:24,80
DA:25,56
DA:26,56
DA:27,56
DA:28,56
DA:29,54
DA:30,28
DA:32,28
DA:33,28
DA:34,28
DA:36,56
DA:40,80
DA:41,28
DA:44,80
DA:45,28
DA:46,28
DA:49,80
DA:50,0
DA:51,0
DA:52,0
DA:53,0
DA:54,0
DA:56,0
DA:57,0
DA:58,0
DA:62,80
DA:63,0
DA:64,0
DA:65,0
DA:66,0
DA:68,0
DA:69,0
DA:73,80
DA:74,80
DA:75,80
DA:77,80
DA:87,0
DA:93,2
DA:99,0
DA:105,0
DA:117,0
DA:120,0
DA:123,0
DA:144,0
DA:168,0
DA:175,0
LF:53
LH:30
BRDA:24,0,0,56
BRDA:28,1,0,0
BRDA:28,1,1,56
BRDA:29,2,0,28
BRDA:29,2,1,0
BRDA:45,3,0,0
BRDA:45,3,1,28
BRDA:54,4,0,0
BRDA:54,4,1,0
BRDA:54,5,0,0
BRDA:54,5,1,0
BRDA:82,6,0,80
BRDA:82,6,1,20
BRDA:86,7,0,0
BRDA:86,7,1,80
BRDA:92,8,0,80
BRDA:92,8,1,0
BRDA:98,9,0,0
BRDA:98,9,1,80
BRDA:104,10,0,0
BRDA:104,10,1,80
BRDA:111,11,0,80
BRDA:111,11,1,0
BRDA:131,12,0,80
BRDA:131,12,1,80
BRDA:138,13,0,80
BRDA:138,13,1,0
BRDA:156,14,0,0
BRDA:156,14,1,0
BRDA:165,15,0,0
BRDA:165,15,1,0
BRDA:185,16,0,80
BRDA:185,16,1,0
BRF:33
BRH:15
end_of_record
TN:
SF:src/index.js
FNF:0
FNH:0
DA:6,0
DA:7,0
LF:2
LH:0
BRF:0
BRH:0
end_of_record
TN:
SF:src/reportWebVitals.js
FN:1,(anonymous_0)
FN:3,(anonymous_1)
FNF:2
FNH:0
FNDA:0,(anonymous_0)
FNDA:0,(anonymous_1)
DA:1,0
DA:2,0
DA:3,0
DA:4,0
DA:5,0
DA:6,0
DA:7,0
DA:8,0
LF:8
LH:0
BRDA:2,0,0,0
BRDA:2,0,1,0
BRDA:2,1,0,0
BRDA:2,1,1,0
BRF:4
BRH:0
end_of_record
TN:
SF:src/components/cookie/AddCookie.js
FN:3,AddCookie
FN:9,(anonymous_1)
FN:45,(anonymous_2)
FN:49,(anonymous_3)
FN:53,(anonymous_4)
FN:57,(anonymous_5)
FNF:6
FNH:0
FNDA:0,AddCookie
FNDA:0,(anonymous_1)
FNDA:0,(anonymous_2)
FNDA:0,(anonymous_3)
FNDA:0,(anonymous_4)
FNDA:0,(anonymous_5)
DA:4,0
DA:5,0
DA:6,0
DA:7,0
DA:9,0
DA:10,0
DA:12,0
DA:19,0
DA:20,0
DA:26,0
DA:27,0
DA:28,0
DA:30,0
DA:31,0
DA:34,0
DA:35,0
DA:39,0
DA:45,0
DA:49,0
DA:53,0
DA:57,0
LF:21
LH:0
BRDA:26,0,0,0
BRDA:26,0,1,0
BRF:2
BRH:0
end_of_record
TN:
SF:src/components/cookie/CookieCard.js
FN:4,CookieCard
FN:12,(anonymous_1)
FNF:2
FNH:0
FNDA:0,CookieCard
FNDA:0,(anonymous_1)
DA:5,0
DA:12,0
LF:2
LH:0
BRDA:11,0,0,0
BRDA:11,0,1,0
BRF:2
BRH:0
end_of_record
TN:
SF:src/components/cookie/CookieForm.js
FN:4,CookieForm
FN:15,(anonymous_1)
FN:17,(anonymous_2)
FN:20,(anonymous_3)
FNF:4
FNH:3
FNDA:94,CookieForm
FNDA:16,(anonymous_1)
FNDA:16,(anonymous_2)
FNDA:0,(anonymous_3)
DA:6,94
DA:12,94
DA:13,94
DA:15,94
DA:16,16
DA:17,16
DA:20,94
DA:21,0
DA:22,0
DA:25,0
DA:31,0
DA:32,0
DA:35,0
DA:36,0
DA:37,0
DA:44,0
DA:46,0
DA:47,0
DA:49,0
DA:54,94
LF:20
LH:8
BRDA:25,0,0,0
BRDA:25,0,1,0
BRDA:26,1,0,0
BRDA:26,1,1,0
BRDA:26,1,2,0
BRDA:26,1,3,0
BRDA:56,2,0,94
BRDA:56,2,1,0
BRDA:92,3,0,0
BRDA:92,3,1,94
BRF:10
BRH:2
end_of_record
TN:
SF:src/components/cookie/CookieList.js
FN:5,CookieList
FN:12,(anonymous_1)
FNF:2
FNH:0
FNDA:0,CookieList
FNDA:0,(anonymous_1)
DA:6,0
DA:7,0
DA:10,0
DA:13,0
LF:4
LH:0
BRDA:6,0,0,0
BRDA:6,0,1,0
BRDA:6,1,0,0
BRDA:6,1,1,0
BRF:4
BRH:0
end_of_record
TN:
SF:src/components/dashboard/Dashboard.js
FN:4,Dashboard
FN:6,(anonymous_1)
FN:8,(anonymous_2)
FN:10,(anonymous_3)
FN:16,(anonymous_4)
FN:61,(anonymous_5)
FNF:6
FNH:0
FNDA:0,Dashboard
FNDA:0,(anonymous_1)
FNDA:0,(anonymous_2)
FNDA:0,(anonymous_3)
FNDA:0,(anonymous_4)
FNDA:0,(anonymous_5)
DA:5,0
DA:6,0
DA:7,0
DA:8,0
DA:10,0
DA:11,0
DA:12,0
DA:15,0
DA:16,0
DA:19,0
DA:62,0
LF:11
LH:0
BRDA:7,0,0,0
BRDA:7,0,1,0
BRDA:11,1,0,0
BRDA:11,1,1,0
BRDA:57,2,0,0
BRDA:57,2,1,0
BRF:6
BRH:0
end_of_record
TN:
SF:src/components/footer/Footer.js
FN:4,Footer
FNF:1
FNH:1
FNDA:78,Footer
DA:5,78
LF:1
LH:1
BRF:0
BRH:0
end_of_record
TN:
SF:src/components/header/Header.js
FN:4,Header
FNF:1
FNH:1
FNDA:78,Header
DA:5,78
LF:1
LH:1
BRF:0
BRH:0
end_of_record
TN:
SF:src/services/api.js
FN:4,getAllCookies
FN:11,getCookiesByFlavor
FN:18,getCookiesSortedByPrice
FN:25,addCookie
FN:35,deleteCookie
FNF:5
FNH:0
FNDA:0,getAllCookies
FNDA:0,getCookiesByFlavor
FNDA:0,getCookiesSortedByPrice
FNDA:0,addCookie
FNDA:0,deleteCookie
DA:1,0
DA:5,0
DA:6,0
DA:7,0
DA:8,0
DA:12,0
DA:13,0
DA:14,0
DA:15,0
DA:19,0
DA:20,0
DA:21,0
DA:22,0
DA:26,0
DA:31,0
DA:32,0
DA:36,0
DA:37,0
DA:38,0
DA:42,0
DA:43,0
DA:44,0
DA:45,0
LF:23
LH:0
BRDA:6,0,0,0
BRDA:6,0,1,0
BRDA:13,1,0,0
BRDA:13,1,1,0
BRDA:20,2,0,0
BRDA:20,2,1,0
BRDA:31,3,0,0
BRDA:31,3,1,0
BRDA:37,4,0,0
BRDA:37,4,1,0
BRF:10
BRH:0
end_of_record
